<?xml version="1.0" encoding="UTF-8"?>
<!-- Generated by org.testng.reporters.JUnitReportReporter -->
<testsuite hostname="Paresh-Laptop" failures="0" tests="1" name="test_Cases.TC005_brand" time="8.540" errors="0" timestamp="2022-12-16T15:12:17 IST" skipped="0">
  <testcase classname="test_Cases.TC005_brand" name="brand" time="8.540"/>
  <system-out/>
</testsuite> <!-- test_Cases.TC005_brand -->
