<?xml version="1.0" encoding="UTF-8"?>
<!-- Generated by org.testng.reporters.JUnitReportReporter -->
<testsuite hostname="Paresh-Laptop" failures="0" tests="1" name="test_Cases.TC002_filterVisibility" time="7.601" errors="0" timestamp="2022-12-16T14:59:17 IST" skipped="0">
  <testcase classname="test_Cases.TC002_filterVisibility" name="FilterClickable" time="7.601"/>
  <system-out/>
</testsuite> <!-- test_Cases.TC002_filterVisibility -->
