<?xml version="1.0" encoding="UTF-8"?>
<!-- Generated by org.testng.reporters.JUnitReportReporter -->
<testsuite hostname="Paresh-Laptop" failures="0" tests="1" name="test_Cases.TC006_GetitToday" time="7.076" errors="0" timestamp="2022-12-16T15:12:42 IST" skipped="0">
  <testcase classname="test_Cases.TC006_GetitToday" name="getittoday" time="7.076"/>
  <system-out/>
</testsuite> <!-- test_Cases.TC006_GetitToday -->
