<?xml version="1.0" encoding="UTF-8"?>
<!-- Generated by org.testng.reporters.JUnitReportReporter -->
<testsuite hostname="Paresh-Laptop" failures="0" tests="1" name="test_Cases.TC004_selectRange" time="10.647" errors="0" timestamp="2022-12-16T15:11:49 IST" skipped="0">
  <testcase classname="test_Cases.TC004_selectRange" name="gettoday" time="10.647"/>
  <system-out/>
</testsuite> <!-- test_Cases.TC004_selectRange -->
