<?xml version="1.0" encoding="UTF-8"?>
<!-- Generated by org.testng.reporters.JUnitReportReporter -->
<testsuite hostname="Paresh-Laptop" failures="0" tests="1" name="test_Cases.TC003_applyFilter" time="4.519" errors="0" timestamp="2022-12-16T15:09:23 IST" skipped="0">
  <testcase classname="test_Cases.TC003_applyFilter" name="Applyfilter" time="4.519"/>
  <system-out/>
</testsuite> <!-- test_Cases.TC003_applyFilter -->
