<?xml version="1.0" encoding="UTF-8"?>
<!-- Generated by org.testng.reporters.JUnitReportReporter -->
<testsuite hostname="Paresh-Laptop" failures="0" tests="1" name="test_Cases.TC001_GetItToday" time="7.082" errors="0" timestamp="2022-12-16T01:19:21 IST" skipped="0">
  <testcase classname="test_Cases.TC001_GetItToday" name="gettoday" time="7.082"/>
  <system-out/>
</testsuite> <!-- test_Cases.TC001_GetItToday -->
