<?xml version="1.0" encoding="UTF-8"?>
<!-- Generated by org.testng.reporters.JUnitReportReporter -->
<testsuite hostname="Paresh-Laptop" failures="0" tests="1" name="test_Cases.TC001_validateChar" time="7.976" errors="0" timestamp="2022-12-16T14:58:52 IST" skipped="0">
  <testcase classname="test_Cases.TC001_validateChar" name="ValidateCharacter" time="7.976"/>
  <system-out/>
</testsuite> <!-- test_Cases.TC001_validateChar -->
